
*** Running vivado
    with args -log psl_fpga.vds -m64 -product Vivado -mode batch -messageDb vivado.pb -notrace -source psl_fpga.tcl


****** Vivado v2017.1 (64-bit)
  **** SW Build 1846317 on Fri Apr 14 18:54:47 MDT 2017
  **** IP Build 1846188 on Fri Apr 14 20:52:08 MDT 2017
    ** Copyright 1986-2017 Xilinx, Inc. All Rights Reserved.

source psl_fpga.tcl -notrace
Command: synth_design -top psl_fpga -part xc7vx690tffg1761-2L
Starting synth_design
Attempting to get a license for feature 'Synthesis' and/or device 'xc7vx690t-ffg1761'
INFO: [Common 17-349] Got license for feature 'Synthesis' and/or device 'xc7vx690t-ffg1761'
INFO: [Common 17-1223] The version limit for your license is '2017.12' and will expire in -14 days. A version limit expiration means that, although you may be able to continue to use the current version of tools or IP with this license, you will not be eligible for any updates or new releases.
INFO: Launching helper process for spawning children vivado processes
INFO: Helper process launched with PID 50252 
---------------------------------------------------------------------------------
Starting RTL Elaboration : Time (s): cpu = 00:00:06 ; elapsed = 00:00:06 . Memory (MB): peak = 1323.777 ; gain = 76.996 ; free physical = 12403 ; free virtual = 153806
---------------------------------------------------------------------------------
ERROR: [Synth 8-5809] Error generated from encrypted envelope. [/shares/bulk/jianyuchen/capi_development_kit3/alphadata/adv7_capi_1_1_release/Sources/afu/vivado_ipsyn/blk_mem_gen_v8_3_vhsyn_rfs.vhd:774]
ERROR: [Synth 8-5809] Error generated from encrypted envelope. [/shares/bulk/jianyuchen/capi_development_kit3/alphadata/adv7_capi_1_1_release/Sources/afu/vivado_ipsyn/blk_mem_gen_v8_3_vhsyn_rfs.vhd:1075]
ERROR: [Synth 8-5809] Error generated from encrypted envelope. [/shares/bulk/jianyuchen/capi_development_kit3/alphadata/adv7_capi_1_1_release/Sources/afu/vivado_ipsyn/blk_mem_gen_v8_3_vhsyn_rfs.vhd:1103]
ERROR: [Synth 8-5809] Error generated from encrypted envelope. [/shares/bulk/jianyuchen/capi_development_kit3/alphadata/adv7_capi_1_1_release/Sources/afu/vivado_ipsyn/blk_mem_gen_v8_3_vhsyn_rfs.vhd:1109]
ERROR: [Synth 8-5809] Error generated from encrypted envelope. [/shares/bulk/jianyuchen/capi_development_kit3/alphadata/adv7_capi_1_1_release/Sources/afu/vivado_ipsyn/blk_mem_gen_v8_3_vhsyn_rfs.vhd:1165]
ERROR: [Synth 8-5809] Error generated from encrypted envelope. [/shares/bulk/jianyuchen/capi_development_kit3/alphadata/adv7_capi_1_1_release/Sources/afu/vivado_ipsyn/blk_mem_gen_v8_3_vhsyn_rfs.vhd:1175]
ERROR: [Synth 8-5809] Error generated from encrypted envelope. [/shares/bulk/jianyuchen/capi_development_kit3/alphadata/adv7_capi_1_1_release/Sources/afu/vivado_ipsyn/blk_mem_gen_v8_3_vhsyn_rfs.vhd:1176]
ERROR: [Synth 8-5809] Error generated from encrypted envelope. [/shares/bulk/jianyuchen/capi_development_kit3/alphadata/adv7_capi_1_1_release/Sources/afu/vivado_ipsyn/blk_mem_gen_v8_3_vhsyn_rfs.vhd:1188]
ERROR: [Synth 8-5809] Error generated from encrypted envelope. [/shares/bulk/jianyuchen/capi_development_kit3/alphadata/adv7_capi_1_1_release/Sources/afu/vivado_ipsyn/blk_mem_gen_v8_3_vhsyn_rfs.vhd:1203]
ERROR: [Synth 8-5809] Error generated from encrypted envelope. [/shares/bulk/jianyuchen/capi_development_kit3/alphadata/adv7_capi_1_1_release/Sources/afu/vivado_ipsyn/blk_mem_gen_v8_3_vhsyn_rfs.vhd:1204]
ERROR: [Synth 8-5809] Error generated from encrypted envelope. [/shares/bulk/jianyuchen/capi_development_kit3/alphadata/adv7_capi_1_1_release/Sources/afu/vivado_ipsyn/blk_mem_gen_v8_3_vhsyn_rfs.vhd:1214]
ERROR: [Synth 8-5809] Error generated from encrypted envelope. [/shares/bulk/jianyuchen/capi_development_kit3/alphadata/adv7_capi_1_1_release/Sources/afu/vivado_ipsyn/blk_mem_gen_v8_3_vhsyn_rfs.vhd:1215]
ERROR: [Synth 8-5809] Error generated from encrypted envelope. [/shares/bulk/jianyuchen/capi_development_kit3/alphadata/adv7_capi_1_1_release/Sources/afu/vivado_ipsyn/blk_mem_gen_v8_3_vhsyn_rfs.vhd:1222]
ERROR: [Synth 8-5809] Error generated from encrypted envelope. [/shares/bulk/jianyuchen/capi_development_kit3/alphadata/adv7_capi_1_1_release/Sources/afu/vivado_ipsyn/blk_mem_gen_v8_3_vhsyn_rfs.vhd:1233]
ERROR: [Synth 8-5809] Error generated from encrypted envelope. [/shares/bulk/jianyuchen/capi_development_kit3/alphadata/adv7_capi_1_1_release/Sources/afu/vivado_ipsyn/blk_mem_gen_v8_3_vhsyn_rfs.vhd:1234]
ERROR: [Synth 8-5809] Error generated from encrypted envelope. [/shares/bulk/jianyuchen/capi_development_kit3/alphadata/adv7_capi_1_1_release/Sources/afu/vivado_ipsyn/blk_mem_gen_v8_3_vhsyn_rfs.vhd:1240]
ERROR: [Synth 8-5809] Error generated from encrypted envelope. [/shares/bulk/jianyuchen/capi_development_kit3/alphadata/adv7_capi_1_1_release/Sources/afu/vivado_ipsyn/blk_mem_gen_v8_3_vhsyn_rfs.vhd:1241]
ERROR: [Synth 8-5809] Error generated from encrypted envelope. [/shares/bulk/jianyuchen/capi_development_kit3/alphadata/adv7_capi_1_1_release/Sources/afu/vivado_ipsyn/blk_mem_gen_v8_3_vhsyn_rfs.vhd:1247]
ERROR: [Synth 8-5809] Error generated from encrypted envelope. [/shares/bulk/jianyuchen/capi_development_kit3/alphadata/adv7_capi_1_1_release/Sources/afu/vivado_ipsyn/blk_mem_gen_v8_3_vhsyn_rfs.vhd:1248]
---------------------------------------------------------------------------------
Finished RTL Elaboration : Time (s): cpu = 00:00:07 ; elapsed = 00:00:08 . Memory (MB): peak = 1364.273 ; gain = 117.492 ; free physical = 12419 ; free virtual = 153831
---------------------------------------------------------------------------------
RTL Elaboration failed
2 Infos, 1 Warnings, 0 Critical Warnings and 20 Errors encountered.
synth_design failed
ERROR: [Common 17-69] Command failed: Synthesis failed - please see the console or run log file for details
INFO: [Common 17-206] Exiting Vivado at Sun Jan 14 17:38:06 2018...
